2022-03-11T10:22:50.3749192 I/O error on POST request for "http://localhost:8080/register": Connection refused: connect; nested exception is java.net.ConnectException: Connection refused: connect
2022-03-11T10:31:28.1955458 401 : [{"timestamp":"2022-03-11T16:31:28.153+00:00","status":401,"error":"Unauthorized","message":"Full authentication is required to access this resource","path":"/account/1003/balance"}]
2022-03-11T10:32:31.6583148 401 : [{"timestamp":"2022-03-11T16:32:31.655+00:00","status":401,"error":"Unauthorized","message":"Full authentication is required to access this resource","path":"/account/1003/balance"}]
2022-03-11T10:32:46.5188759 401 : [{"timestamp":"2022-03-11T16:32:46.486+00:00","status":401,"error":"Unauthorized","message":"Full authentication is required to access this resource","path":"/account/1003/balance"}]
2022-03-11T10:36:36.8610988 401 : [no body]
2022-03-11T12:04:25.6103615 I/O error on POST request for "http://localhost:8080/login": Connection refused: connect; nested exception is java.net.ConnectException: Connection refused: connect
2022-03-11T12:04:31.2697534 I/O error on POST request for "http://localhost:8080/login": Connection refused: connect; nested exception is java.net.ConnectException: Connection refused: connect
2022-03-11T12:05:20.8100752 405 : [{"timestamp":"2022-03-11T18:05:20.794+00:00","status":405,"error":"Method Not Allowed","message":"Request method 'POST' not supported","path":"/transfer/create"}]
2022-03-11T12:05:20.842965 500 : [{"timestamp":"2022-03-11T18:05:20.839+00:00","status":500,"error":"Internal Server Error","message":"Missing URI template variable 'userId' for method parameter of type int","path":"/account/1003/transfers"}]
2022-03-11T12:07:35.3649974 401 : [no body]
2022-03-11T12:08:08.980544 500 : [{"timestamp":"2022-03-11T18:08:08.972+00:00","status":500,"error":"Internal Server Error","message":"Missing URI template variable 'userId' for method parameter of type int","path":"/account/1003/transfers"}]
2022-03-11T12:09:17.9417253 500 : [{"timestamp":"2022-03-11T18:09:17.919+00:00","status":500,"error":"Internal Server Error","message":"Missing URI template variable 'userId' for method parameter of type int","path":"/account/1003/transfers"}]
2022-03-11T12:09:50.7499161 405 : [{"timestamp":"2022-03-11T18:09:50.729+00:00","status":405,"error":"Method Not Allowed","message":"Request method 'POST' not supported","path":"/transfer/create"}]
2022-03-11T12:09:50.7867812 500 : [{"timestamp":"2022-03-11T18:09:50.783+00:00","status":500,"error":"Internal Server Error","message":"Missing URI template variable 'userId' for method parameter of type int","path":"/account/1003/transfers"}]
2022-03-11T12:09:55.075955 500 : [{"timestamp":"2022-03-11T18:09:55.073+00:00","status":500,"error":"Internal Server Error","message":"Missing URI template variable 'userId' for method parameter of type int","path":"/account/1003/transfers"}]
2022-03-11T12:13:26.3611694 405 : [{"timestamp":"2022-03-11T18:13:26.331+00:00","status":405,"error":"Method Not Allowed","message":"Request method 'POST' not supported","path":"/transfer/create"}]
2022-03-11T12:13:26.3871601 500 : [{"timestamp":"2022-03-11T18:13:26.383+00:00","status":500,"error":"Internal Server Error","message":"Missing URI template variable 'userId' for method parameter of type int","path":"/account/1003/transfers"}]
2022-03-11T12:13:29.6639783 500 : [{"timestamp":"2022-03-11T18:13:29.661+00:00","status":500,"error":"Internal Server Error","message":"Missing URI template variable 'userId' for method parameter of type int","path":"/account/1003/transfers"}]
2022-03-11T12:14:16.464674 401 : [no body]
2022-03-11T12:14:26.6266849 405 : [{"timestamp":"2022-03-11T18:14:26.621+00:00","status":405,"error":"Method Not Allowed","message":"Request method 'POST' not supported","path":"/transfer/create"}]
2022-03-11T12:14:26.6555181 500 : [{"timestamp":"2022-03-11T18:14:26.651+00:00","status":500,"error":"Internal Server Error","message":"Missing URI template variable 'userId' for method parameter of type int","path":"/account/1003/transfers"}]
2022-03-11T12:14:29.6436006 500 : [{"timestamp":"2022-03-11T18:14:29.642+00:00","status":500,"error":"Internal Server Error","message":"Missing URI template variable 'userId' for method parameter of type int","path":"/account/1003/transfers"}]
2022-03-11T12:19:33.9234463 405 : [{"timestamp":"2022-03-11T18:19:33.890+00:00","status":405,"error":"Method Not Allowed","message":"Request method 'POST' not supported","path":"/transfer/create"}]
2022-03-11T12:19:33.9603211 500 : [{"timestamp":"2022-03-11T18:19:33.956+00:00","status":500,"error":"Internal Server Error","message":"Missing URI template variable 'userId' for method parameter of type int","path":"/account/1003/transfers"}]
2022-03-11T12:19:36.3367953 500 : [{"timestamp":"2022-03-11T18:19:36.334+00:00","status":500,"error":"Internal Server Error","message":"Missing URI template variable 'userId' for method parameter of type int","path":"/account/1003/transfers"}]
2022-03-11T12:24:25.3213909 405 : [{"timestamp":"2022-03-11T18:24:25.292+00:00","status":405,"error":"Method Not Allowed","message":"Request method 'POST' not supported","path":"/transfer/create"}]
2022-03-11T12:24:25.3562725 500 : [{"timestamp":"2022-03-11T18:24:25.350+00:00","status":500,"error":"Internal Server Error","message":"Missing URI template variable 'userId' for method parameter of type int","path":"/account/1003/transfers"}]
2022-03-11T12:30:39.3474228 405 : [{"timestamp":"2022-03-11T18:30:39.319+00:00","status":405,"error":"Method Not Allowed","message":"Request method 'POST' not supported","path":"/transfer/create"}]
2022-03-11T12:30:39.3773191 500 : [{"timestamp":"2022-03-11T18:30:39.374+00:00","status":500,"error":"Internal Server Error","message":"Missing URI template variable 'userId' for method parameter of type int","path":"/account/1003/transfers"}]
2022-03-11T12:32:48.8727122 500 : [{"timestamp":"2022-03-11T18:32:48.835+00:00","status":500,"error":"Internal Server Error","message":"HV000030: No validator could be found for constraint 'javax.validation.constraints.NotBlank' validating type 'java.math.BigDecimal'. Check configuration for 'amount'","path":"/transfer/create"}]
2022-03-11T12:32:48.9305193 500 : [{"timestamp":"2022-03-11T18:32:48.926+00:00","status":500,"error":"Internal Server Error","message":"Missing URI template variable 'userId' for method parameter of type int","path":"/account/1003/transfers"}]
2022-03-11T12:33:14.5660431 500 : [{"timestamp":"2022-03-11T18:33:14.563+00:00","status":500,"error":"Internal Server Error","message":"Missing URI template variable 'userId' for method parameter of type int","path":"/account/1003/transfers"}]
2022-03-11T12:35:17.409571 401 : [no body]
2022-03-11T12:35:25.5532891 500 : [{"timestamp":"2022-03-11T18:35:25.547+00:00","status":500,"error":"Internal Server Error","message":"HV000030: No validator could be found for constraint 'javax.validation.constraints.NotBlank' validating type 'java.lang.Integer'. Check configuration for 'accountFrom'","path":"/transfer/create"}]
2022-03-11T12:35:25.6669072 500 : [{"timestamp":"2022-03-11T18:35:25.659+00:00","status":500,"error":"Internal Server Error","message":"PreparedStatementCallback; SQL [SELECT * FROM transfer;]; The column index is out of range: 1, number of columns: 0.; nested exception is org.postgresql.util.PSQLException: The column index is out of range: 1, number of columns: 0.","path":"/account/1003/transfers"}]
2022-03-11T12:35:28.320585 500 : [{"timestamp":"2022-03-11T18:35:28.318+00:00","status":500,"error":"Internal Server Error","message":"PreparedStatementCallback; SQL [SELECT * FROM transfer;]; The column index is out of range: 1, number of columns: 0.; nested exception is org.postgresql.util.PSQLException: The column index is out of range: 1, number of columns: 0.","path":"/account/1003/transfers"}]
2022-03-11T12:36:06.8416507 500 : [{"timestamp":"2022-03-11T18:36:06.816+00:00","status":500,"error":"Internal Server Error","message":"HV000030: No validator could be found for constraint 'javax.validation.constraints.NotBlank' validating type 'java.lang.Integer'. Check configuration for 'accountFrom'","path":"/transfer/create"}]
2022-03-11T12:36:06.8825141 500 : [{"timestamp":"2022-03-11T18:36:06.880+00:00","status":500,"error":"Internal Server Error","message":"PreparedStatementCallback; SQL [SELECT * FROM transfer;]; The column index is out of range: 1, number of columns: 0.; nested exception is org.postgresql.util.PSQLException: The column index is out of range: 1, number of columns: 0.","path":"/account/1003/transfers"}]
2022-03-11T13:01:41.6610317 500 : [{"timestamp":"2022-03-11T19:01:41.629+00:00","status":500,"error":"Internal Server Error","message":"HV000030: No validator could be found for constraint 'javax.validation.constraints.NotBlank' validating type 'java.math.BigDecimal'. Check configuration for 'amount'","path":"/transfer/create"}]
2022-03-11T13:01:41.7703953 500 : [{"timestamp":"2022-03-11T19:01:41.754+00:00","status":500,"error":"Internal Server Error","message":"PreparedStatementCallback; SQL [SELECT * FROM transfer;]; The column index is out of range: 1, number of columns: 0.; nested exception is org.postgresql.util.PSQLException: The column index is out of range: 1, number of columns: 0.","path":"/account/1003/transfers"}]
2022-03-11T13:10:35.7099308 500 : [{"timestamp":"2022-03-11T19:10:35.678+00:00","status":500,"error":"Internal Server Error","message":"HV000030: No validator could be found for constraint 'javax.validation.constraints.NotBlank' validating type 'java.lang.Integer'. Check configuration for 'accountFrom'","path":"/transfer/create"}]
2022-03-11T13:10:35.80367 500 : [{"timestamp":"2022-03-11T19:10:35.803+00:00","status":500,"error":"Internal Server Error","message":"PreparedStatementCallback; SQL [SELECT * FROM transfer;]; The column index is out of range: 1, number of columns: 0.; nested exception is org.postgresql.util.PSQLException: The column index is out of range: 1, number of columns: 0.","path":"/account/1003/transfers"}]
2022-03-11T13:13:07.6672206 500 : [{"timestamp":"2022-03-11T19:13:07.635+00:00","status":500,"error":"Internal Server Error","message":"Cannot invoke \"com.techelevator.tenmo.model.Account.getBalance()\" because the return value of \"com.techelevator.tenmo.dao.JdbcAccountDao.getAccountById(int)\" is null","path":"/transfer/create"}]
2022-03-11T13:13:07.7765824 500 : [{"timestamp":"2022-03-11T19:13:07.776+00:00","status":500,"error":"Internal Server Error","message":"PreparedStatementCallback; SQL [SELECT * FROM transfer;]; The column index is out of range: 1, number of columns: 0.; nested exception is org.postgresql.util.PSQLException: The column index is out of range: 1, number of columns: 0.","path":"/account/1003/transfers"}]
2022-03-11T13:14:32.8850151 500 : [{"timestamp":"2022-03-11T19:14:32.869+00:00","status":500,"error":"Internal Server Error","message":"Cannot invoke \"com.techelevator.tenmo.model.Account.getBalance()\" because the return value of \"com.techelevator.tenmo.dao.JdbcAccountDao.getAccountById(int)\" is null","path":"/transfer/create"}]
2022-03-11T13:16:57.9189398 500 : [{"timestamp":"2022-03-11T19:16:57.903+00:00","status":500,"error":"Internal Server Error","message":"Cannot invoke \"com.techelevator.tenmo.model.Account.getBalance()\" because the return value of \"com.techelevator.tenmo.dao.JdbcAccountDao.getAccountById(int)\" is null","path":"/transfer/create"}]
2022-03-11T13:24:20.7608455 401 : [no body]
2022-03-11T13:32:30.5333734 401 : [no body]
